Creation des labels correspondant a Listes/wav.all.lst
Signaux/cinq_alban_2012.wav -> Labels/cinq_alban_2012.lab
Signaux/cinq_brice_2012.wav -> Labels/cinq_brice_2012.lab
Signaux/cinq_dominique_2012.wav -> Labels/cinq_dominique_2012.lab
Signaux/cinq_eric_2012.wav -> Labels/cinq_eric_2012.lab
Signaux/cinq_etienne_2012.wav -> Labels/cinq_etienne_2012.lab
Signaux/cinq_gabrielides_2012.wav -> Labels/cinq_gabrielides_2012.lab
Signaux/cinq_hyliass_2012.wav -> Labels/cinq_hyliass_2012.lab
Signaux/cinq_jean_2012.wav -> Labels/cinq_jean_2012.lab
Signaux/cinq_nabil_2012.wav -> Labels/cinq_nabil_2012.lab
Signaux/cinq_thomas_2012.wav -> Labels/cinq_thomas_2012.lab
Signaux/deux_alban_2012.wav -> Labels/deux_alban_2012.lab
Signaux/deux_brice_2012.wav -> Labels/deux_brice_2012.lab
Signaux/deux_dominique_2012.wav -> Labels/deux_dominique_2012.lab
Signaux/deux_eric_2012.wav -> Labels/deux_eric_2012.lab
Signaux/deux_etienne_2012.wav -> Labels/deux_etienne_2012.lab
Signaux/deux_gabrielides_2012.wav -> Labels/deux_gabrielides_2012.lab
Signaux/deux_hyliass_2012.wav -> Labels/deux_hyliass_2012.lab
Signaux/deux_jean_2012.wav -> Labels/deux_jean_2012.lab
Signaux/deux_nabil_2012.wav -> Labels/deux_nabil_2012.lab
Signaux/deux_thomas_2012.wav -> Labels/deux_thomas_2012.lab
Signaux/huit_alban_2012.wav -> Labels/huit_alban_2012.lab
Signaux/huit_brice_2012.wav -> Labels/huit_brice_2012.lab
Signaux/huit_dominique_2012.wav -> Labels/huit_dominique_2012.lab
Signaux/huit_eric_2012.wav -> Labels/huit_eric_2012.lab
Signaux/huit_etienne_2012.wav -> Labels/huit_etienne_2012.lab
Signaux/huit_gabrielides_2012.wav -> Labels/huit_gabrielides_2012.lab
Signaux/huit_hyliass_2012.wav -> Labels/huit_hyliass_2012.lab
Signaux/huit_jean_2012.wav -> Labels/huit_jean_2012.lab
Signaux/huit_nabil_2012.wav -> Labels/huit_nabil_2012.lab
Signaux/huit_thomas_2012.wav -> Labels/huit_thomas_2012.lab
Signaux/moins_alban_2012.wav -> Labels/moins_alban_2012.lab
Signaux/moins_brice_2012.wav -> Labels/moins_brice_2012.lab
Signaux/moins_dominique_2012.wav -> Labels/moins_dominique_2012.lab
Signaux/moins_eric_2012.wav -> Labels/moins_eric_2012.lab
Signaux/moins_etienne_2012.wav -> Labels/moins_etienne_2012.lab
Signaux/moins_gabrielides_2012.wav -> Labels/moins_gabrielides_2012.lab
Signaux/moins_hyliass_2012.wav -> Labels/moins_hyliass_2012.lab
Signaux/moins_jean_2012.wav -> Labels/moins_jean_2012.lab
Signaux/moins_nabil_2012.wav -> Labels/moins_nabil_2012.lab
Signaux/moins_thomas_2012.wav -> Labels/moins_thomas_2012.lab
Signaux/neuf_alban_2012.wav -> Labels/neuf_alban_2012.lab
Signaux/neuf_brice_2012.wav -> Labels/neuf_brice_2012.lab
Signaux/neuf_dominique_2012.wav -> Labels/neuf_dominique_2012.lab
Signaux/neuf_eric_2012.wav -> Labels/neuf_eric_2012.lab
Signaux/neuf_etienne_2012.wav -> Labels/neuf_etienne_2012.lab
Signaux/neuf_gabrielides_2012.wav -> Labels/neuf_gabrielides_2012.lab
Signaux/neuf_hyliass_2012.wav -> Labels/neuf_hyliass_2012.lab
Signaux/neuf_jean_2012.wav -> Labels/neuf_jean_2012.lab
Signaux/neuf_nabil_2012.wav -> Labels/neuf_nabil_2012.lab
Signaux/neuf_thomas_2012.wav -> Labels/neuf_thomas_2012.lab
Signaux/plus_alban_2012.wav -> Labels/plus_alban_2012.lab
Signaux/plus_brice_2012.wav -> Labels/plus_brice_2012.lab
Signaux/plus_dominique_2012.wav -> Labels/plus_dominique_2012.lab
Signaux/plus_eric_2012.wav -> Labels/plus_eric_2012.lab
Signaux/plus_etienne_2012.wav -> Labels/plus_etienne_2012.lab
Signaux/plus_gabrielides_2012.wav -> Labels/plus_gabrielides_2012.lab
Signaux/plus_hyliass_2012.wav -> Labels/plus_hyliass_2012.lab
Signaux/plus_jean_2012.wav -> Labels/plus_jean_2012.lab
Signaux/plus_nabil_2012.wav -> Labels/plus_nabil_2012.lab
Signaux/plus_thomas_2012.wav -> Labels/plus_thomas_2012.lab
Signaux/quatre_alban_2012.wav -> Labels/quatre_alban_2012.lab
Signaux/quatre_brice_2012.wav -> Labels/quatre_brice_2012.lab
Signaux/quatre_dominique_2012.wav -> Labels/quatre_dominique_2012.lab
Signaux/quatre_eric_2012.wav -> Labels/quatre_eric_2012.lab
Signaux/quatre_etienne_2012.wav -> Labels/quatre_etienne_2012.lab
Signaux/quatre_gabrielides_2012.wav -> Labels/quatre_gabrielides_2012.lab
Signaux/quatre_hyliass_2012.wav -> Labels/quatre_hyliass_2012.lab
Signaux/quatre_jean_2012.wav -> Labels/quatre_jean_2012.lab
Signaux/quatre_nabil_2012.wav -> Labels/quatre_nabil_2012.lab
Signaux/quatre_thomas_2012.wav -> Labels/quatre_thomas_2012.lab
Signaux/sept_alban_2012.wav -> Labels/sept_alban_2012.lab
Signaux/sept_brice_2012.wav -> Labels/sept_brice_2012.lab
Signaux/sept_dominique_2012.wav -> Labels/sept_dominique_2012.lab
Signaux/sept_eric_2012.wav -> Labels/sept_eric_2012.lab
Signaux/sept_etienne_2012.wav -> Labels/sept_etienne_2012.lab
Signaux/sept_gabrielides_2012.wav -> Labels/sept_gabrielides_2012.lab
Signaux/sept_hyliass_2012.wav -> Labels/sept_hyliass_2012.lab
Signaux/sept_jean_2012.wav -> Labels/sept_jean_2012.lab
Signaux/sept_nabil_2012.wav -> Labels/sept_nabil_2012.lab
Signaux/sept_thomas_2012.wav -> Labels/sept_thomas_2012.lab
Signaux/six_alban_2012.wav -> Labels/six_alban_2012.lab
Signaux/six_brice_2012.wav -> Labels/six_brice_2012.lab
Signaux/six_dominique_2012.wav -> Labels/six_dominique_2012.lab
Signaux/six_eric_2012.wav -> Labels/six_eric_2012.lab
Signaux/six_etienne_2012.wav -> Labels/six_etienne_2012.lab
Signaux/six_gabrielides_2012.wav -> Labels/six_gabrielides_2012.lab
Signaux/six_hyliass_2012.wav -> Labels/six_hyliass_2012.lab
Signaux/six_jean_2012.wav -> Labels/six_jean_2012.lab
Signaux/six_nabil_2012.wav -> Labels/six_nabil_2012.lab
Signaux/six_thomas_2012.wav -> Labels/six_thomas_2012.lab
Signaux/trois_alban_2012.wav -> Labels/trois_alban_2012.lab
Signaux/trois_brice_2012.wav -> Labels/trois_brice_2012.lab
Signaux/trois_dominique_2012.wav -> Labels/trois_dominique_2012.lab
Signaux/trois_eric_2012.wav -> Labels/trois_eric_2012.lab
Signaux/trois_etienne_2012.wav -> Labels/trois_etienne_2012.lab
Signaux/trois_gabrielides_2012.wav -> Labels/trois_gabrielides_2012.lab
Signaux/trois_hyliass_2012.wav -> Labels/trois_hyliass_2012.lab
Signaux/trois_jean_2012.wav -> Labels/trois_jean_2012.lab
Signaux/trois_nabil_2012.wav -> Labels/trois_nabil_2012.lab
Signaux/trois_thomas_2012.wav -> Labels/trois_thomas_2012.lab
Signaux/un_alban_2012.wav -> Labels/un_alban_2012.lab
Signaux/un_brice_2012.wav -> Labels/un_brice_2012.lab
Signaux/un_dominique_2012.wav -> Labels/un_dominique_2012.lab
Signaux/un_eric_2012.wav -> Labels/un_eric_2012.lab
Signaux/un_etienne_2012.wav -> Labels/un_etienne_2012.lab
Signaux/un_gabrielides_2012.wav -> Labels/un_gabrielides_2012.lab
Signaux/un_hyliass_2012.wav -> Labels/un_hyliass_2012.lab
Signaux/un_jean_2012.wav -> Labels/un_jean_2012.lab
Signaux/un_nabil_2012.wav -> Labels/un_nabil_2012.lab
Signaux/un_thomas_2012.wav -> Labels/un_thomas_2012.lab
Signaux/zero_alban_2012.wav -> Labels/zero_alban_2012.lab
Signaux/zero_brice_2012.wav -> Labels/zero_brice_2012.lab
Signaux/zero_dominique_2012.wav -> Labels/zero_dominique_2012.lab
Signaux/zero_eric_2012.wav -> Labels/zero_eric_2012.lab
Signaux/zero_etienne_2012.wav -> Labels/zero_etienne_2012.lab
Signaux/zero_gabrielides_2012.wav -> Labels/zero_gabrielides_2012.lab
Signaux/zero_hyliass_2012.wav -> Labels/zero_hyliass_2012.lab
Signaux/zero_jean_2012.wav -> Labels/zero_jean_2012.lab
Signaux/zero_nabil_2012.wav -> Labels/zero_nabil_2012.lab
Signaux/zero_thomas_2012.wav -> Labels/zero_thomas_2012.lab
