Mar  3 mar 2020 16:00:23 CET
~~~~~~~~~~~ modele cinq ~~~~~~~~~~~~~
Bin/initialisation: line 28: HInit: command not found
~~~~~~~~~~~ modele deux ~~~~~~~~~~~~~
Bin/initialisation: line 28: HInit: command not found
~~~~~~~~~~~ modele huit ~~~~~~~~~~~~~
Bin/initialisation: line 28: HInit: command not found
~~~~~~~~~~~ modele moins ~~~~~~~~~~~~~
Bin/initialisation: line 28: HInit: command not found
~~~~~~~~~~~ modele neuf ~~~~~~~~~~~~~
Bin/initialisation: line 28: HInit: command not found
~~~~~~~~~~~ modele plus ~~~~~~~~~~~~~
Bin/initialisation: line 28: HInit: command not found
~~~~~~~~~~~ modele quatre ~~~~~~~~~~~~~
Bin/initialisation: line 28: HInit: command not found
~~~~~~~~~~~ modele sept ~~~~~~~~~~~~~
Bin/initialisation: line 28: HInit: command not found
~~~~~~~~~~~ modele six ~~~~~~~~~~~~~
Bin/initialisation: line 28: HInit: command not found
~~~~~~~~~~~ modele trois ~~~~~~~~~~~~~
Bin/initialisation: line 28: HInit: command not found
~~~~~~~~~~~ modele un ~~~~~~~~~~~~~
Bin/initialisation: line 28: HInit: command not found
~~~~~~~~~~~ modele zero ~~~~~~~~~~~~~
Bin/initialisation: line 28: HInit: command not found
~~~~~~~~~~~ modele pause ~~~~~~~~~~~~~
Bin/initialisation: line 28: HInit: command not found
Mar  3 mar 2020 16:00:23 CET
