Tue 14 Mar 2023 10:19:26 AM CET
~~~~~~~~~~~ modele cinq ~~~~~~~~~~~~~
/home/felix/Documents/TP_SRI2A_TAP/BE_TAP_HMM_TP5/Bin/initialisation: 27: HInit: not found
~~~~~~~~~~~ modele deux ~~~~~~~~~~~~~
/home/felix/Documents/TP_SRI2A_TAP/BE_TAP_HMM_TP5/Bin/initialisation: 27: HInit: not found
~~~~~~~~~~~ modele huit ~~~~~~~~~~~~~
/home/felix/Documents/TP_SRI2A_TAP/BE_TAP_HMM_TP5/Bin/initialisation: 27: HInit: not found
~~~~~~~~~~~ modele moins ~~~~~~~~~~~~~
/home/felix/Documents/TP_SRI2A_TAP/BE_TAP_HMM_TP5/Bin/initialisation: 27: HInit: not found
~~~~~~~~~~~ modele neuf ~~~~~~~~~~~~~
/home/felix/Documents/TP_SRI2A_TAP/BE_TAP_HMM_TP5/Bin/initialisation: 27: HInit: not found
~~~~~~~~~~~ modele plus ~~~~~~~~~~~~~
/home/felix/Documents/TP_SRI2A_TAP/BE_TAP_HMM_TP5/Bin/initialisation: 27: HInit: not found
~~~~~~~~~~~ modele quatre ~~~~~~~~~~~~~
/home/felix/Documents/TP_SRI2A_TAP/BE_TAP_HMM_TP5/Bin/initialisation: 27: HInit: not found
~~~~~~~~~~~ modele sept ~~~~~~~~~~~~~
/home/felix/Documents/TP_SRI2A_TAP/BE_TAP_HMM_TP5/Bin/initialisation: 27: HInit: not found
~~~~~~~~~~~ modele six ~~~~~~~~~~~~~
/home/felix/Documents/TP_SRI2A_TAP/BE_TAP_HMM_TP5/Bin/initialisation: 27: HInit: not found
~~~~~~~~~~~ modele trois ~~~~~~~~~~~~~
/home/felix/Documents/TP_SRI2A_TAP/BE_TAP_HMM_TP5/Bin/initialisation: 27: HInit: not found
~~~~~~~~~~~ modele un ~~~~~~~~~~~~~
/home/felix/Documents/TP_SRI2A_TAP/BE_TAP_HMM_TP5/Bin/initialisation: 27: HInit: not found
~~~~~~~~~~~ modele zero ~~~~~~~~~~~~~
/home/felix/Documents/TP_SRI2A_TAP/BE_TAP_HMM_TP5/Bin/initialisation: 27: HInit: not found
Tue 14 Mar 2023 10:19:26 AM CET
