Tue 21 Mar 2023 10:22:47 AM CET
~~~~~~~~~~~ modele cinq ~~~~~~~~~~~~~
./Bin/initialisation: 27: HInit: not found
~~~~~~~~~~~ modele deux ~~~~~~~~~~~~~
./Bin/initialisation: 27: HInit: not found
~~~~~~~~~~~ modele huit ~~~~~~~~~~~~~
./Bin/initialisation: 27: HInit: not found
~~~~~~~~~~~ modele moins ~~~~~~~~~~~~~
./Bin/initialisation: 27: HInit: not found
~~~~~~~~~~~ modele neuf ~~~~~~~~~~~~~
./Bin/initialisation: 27: HInit: not found
~~~~~~~~~~~ modele plus ~~~~~~~~~~~~~
./Bin/initialisation: 27: HInit: not found
~~~~~~~~~~~ modele quatre ~~~~~~~~~~~~~
./Bin/initialisation: 27: HInit: not found
~~~~~~~~~~~ modele sept ~~~~~~~~~~~~~
./Bin/initialisation: 27: HInit: not found
~~~~~~~~~~~ modele six ~~~~~~~~~~~~~
./Bin/initialisation: 27: HInit: not found
~~~~~~~~~~~ modele trois ~~~~~~~~~~~~~
./Bin/initialisation: 27: HInit: not found
~~~~~~~~~~~ modele un ~~~~~~~~~~~~~
./Bin/initialisation: 27: HInit: not found
~~~~~~~~~~~ modele zero ~~~~~~~~~~~~~
./Bin/initialisation: 27: HInit: not found
Tue 21 Mar 2023 10:22:47 AM CET
